<?xml version="1.0" encoding="UTF-8"?>
<!-- Generated by org.testng.reporters.JUnitReportReporter -->
<testsuite hostname="ks-MacBook-Air.local" failures="0" tests="25" name="com.ae.qa.testcases.ProductsPageTest" time="27.448" errors="0" timestamp="2023-05-02T21:55:35 BST" skipped="0">
  <testcase classname="com.ae.qa.testcases.ProductsPageTest" name="validateWelcomePageTitle" time="0.021"/>
  <system-out/>
  <testcase classname="com.ae.qa.testcases.ProductsPageTest" name="validateWelcomePageTitle" time="0.004"/>
  <system-out/>
  <testcase classname="com.ae.qa.testcases.ProductsPageTest" name="validateWelcomePageTitle" time="0.004"/>
  <system-out/>
  <testcase classname="com.ae.qa.testcases.ProductsPageTest" name="validateWelcomePageTitle" time="0.003"/>
  <system-out/>
  <testcase classname="com.ae.qa.testcases.ProductsPageTest" name="validateWelcomePageTitle" time="0.003"/>
  <system-out/>
  <testcase classname="com.ae.qa.testcases.ProductsPageTest" name="validateProductsLink" time="2.507"/>
  <system-out/>
  <testcase classname="com.ae.qa.testcases.ProductsPageTest" name="validateProductsLink" time="5.231"/>
  <system-out/>
  <testcase classname="com.ae.qa.testcases.ProductsPageTest" name="validateProductsLink" time="6.308"/>
  <system-out/>
  <testcase classname="com.ae.qa.testcases.ProductsPageTest" name="validateProductsLink" time="1.770"/>
  <system-out/>
  <testcase classname="com.ae.qa.testcases.ProductsPageTest" name="validateProductsLink" time="3.080"/>
  <system-out/>
  <testcase classname="com.ae.qa.testcases.ProductsPageTest" name="validateProductsDetailsNavigation" time="1.630"/>
  <system-out/>
  <testcase classname="com.ae.qa.testcases.ProductsPageTest" name="validateAddToCartInProductPage" time="1.320"/>
  <system-out/>
  <testcase classname="com.ae.qa.testcases.ProductsPageTest" name="validateProductsDetailsNavigation" time="1.175"/>
  <system-out/>
  <testcase classname="com.ae.qa.testcases.ProductsPageTest" name="validateAddToCartInProductPage" time="1.143"/>
  <system-out/>
  <testcase classname="com.ae.qa.testcases.ProductsPageTest" name="validateProductsDetailsNavigation" time="0.889"/>
  <system-out/>
  <testcase classname="com.ae.qa.testcases.ProductsPageTest" name="validateProductNameVisibility" time="0.061"/>
  <system-out/>
  <testcase classname="com.ae.qa.testcases.ProductsPageTest" name="validateProductAvailableVisibility" time="0.070"/>
  <system-out/>
  <testcase classname="com.ae.qa.testcases.ProductsPageTest" name="validateIncreaseQuantityInProductDetailsPage" time="1.063"/>
  <system-out/>
  <testcase classname="com.ae.qa.testcases.ProductsPageTest" name="validateProductBrandVisibility" time="0.075"/>
  <system-out/>
  <testcase classname="com.ae.qa.testcases.ProductsPageTest" name="validateReviewAboutProduct" time="0.531"/>
  <system-out/>
  <testcase classname="com.ae.qa.testcases.ProductsPageTest" name="validateProductCategortVisibility" time="0.085"/>
  <system-out/>
  <testcase classname="com.ae.qa.testcases.ProductsPageTest" name="validateProductAddToCartVisibility" time="0.054"/>
  <system-out/>
  <testcase classname="com.ae.qa.testcases.ProductsPageTest" name="validateDeleteFromCart" time="0.249"/>
  <system-out/>
  <testcase classname="com.ae.qa.testcases.ProductsPageTest" name="validateProductConditionVisibility" time="0.088"/>
  <system-out/>
  <testcase classname="com.ae.qa.testcases.ProductsPageTest" name="validateProductPriceVisibility" time="0.084"/>
  <system-out/>
</testsuite> <!-- com.ae.qa.testcases.ProductsPageTest -->
