<?xml version="1.0" encoding="UTF-8"?>
<!-- Generated by org.testng.reporters.JUnitReportReporter -->
<testsuite hostname="ks-MacBook-Air.local" failures="0" tests="4" name="com.ae.qa.testcases.CartPageTest" time="0.441" errors="0" timestamp="2023-05-02T21:55:35 BST" skipped="0">
  <testcase classname="com.ae.qa.testcases.CartPageTest" name="validateWelcomePageTitle" time="0.000"/>
  <system-out/>
  <testcase classname="com.ae.qa.testcases.CartPageTest" name="validateScrollDownGetSubscriptionH2" time="0.063"/>
  <system-out/>
  <testcase classname="com.ae.qa.testcases.CartPageTest" name="validateCartSubscription" time="0.371"/>
  <system-out/>
  <testcase classname="com.ae.qa.testcases.CartPageTest" name="validateCartPageTitle" time="0.007"/>
  <system-out/>
</testsuite> <!-- com.ae.qa.testcases.CartPageTest -->
