<?xml version="1.0" encoding="UTF-8"?>
<!-- Generated by org.testng.reporters.JUnitReportReporter -->
<testsuite hostname="ks-MacBook-Air.local" failures="0" tests="2" name="com.ae.qa.testcases.ContactUsPageTest" time="54.266" errors="0" timestamp="2023-04-26T12:56:42 BST" skipped="0">
  <testcase classname="com.ae.qa.testcases.ContactUsPageTest" name="loginpageTitle_test" time="30.058"/>
  <system-out/>
  <testcase classname="com.ae.qa.testcases.ContactUsPageTest" name="contactus_test" time="24.208"/>
  <system-out/>
</testsuite> <!-- com.ae.qa.testcases.ContactUsPageTest -->
