<?xml version="1.0" encoding="UTF-8"?>
<!-- Generated by org.testng.reporters.JUnitReportReporter -->
<testsuite hostname="ks-MacBook-Air.local" failures="0" tests="13" name="com.ae.qa.testcases.LoginPageTest" time="14.757" errors="0" timestamp="2023-05-02T21:55:35 BST" skipped="0">
  <testcase classname="com.ae.qa.testcases.LoginPageTest" name="validateWelcomePageTitle" time="0.001"/>
  <system-out/>
  <testcase classname="com.ae.qa.testcases.LoginPageTest" name="validateWelcomePageTitle" time="0.000"/>
  <system-out/>
  <testcase classname="com.ae.qa.testcases.LoginPageTest" name="validateWelcomePageTitle" time="0.000"/>
  <system-out/>
  <testcase classname="com.ae.qa.testcases.LoginPageTest" name="validateLoginH2" time="0.043"/>
  <system-out/>
  <testcase classname="com.ae.qa.testcases.LoginPageTest" name="validateLoginH2" time="0.046"/>
  <system-out/>
  <testcase classname="com.ae.qa.testcases.LoginPageTest" name="validateLoginH2" time="0.047"/>
  <system-out/>
  <testcase classname="com.ae.qa.testcases.LoginPageTest" name="validateLoginWithInValidDetails" time="0.460"/>
  <system-out/>
  <testcase classname="com.ae.qa.testcases.LoginPageTest" name="validateLoginWithValidDetails" time="2.846"/>
  <system-out/>
  <testcase classname="com.ae.qa.testcases.LoginPageTest" name="validateLoginWithValidDetails" time="2.583"/>
  <system-out/>
  <testcase classname="com.ae.qa.testcases.LoginPageTest" name="validateDeletedAccount" time="0.329"/>
  <system-out/>
  <testcase classname="com.ae.qa.testcases.LoginPageTest" name="validateDeletedAccount" time="0.478"/>
  <system-out/>
  <testcase classname="com.ae.qa.testcases.LoginPageTest" name="validateContinueDeleteButton" time="5.766"/>
  <system-out/>
  <testcase classname="com.ae.qa.testcases.LoginPageTest" name="validateContinueDeleteButton" time="2.158"/>
  <system-out/>
</testsuite> <!-- com.ae.qa.testcases.LoginPageTest -->
