<?xml version="1.0" encoding="UTF-8"?>
<!-- Generated by org.testng.reporters.JUnitReportReporter -->
<testsuite hostname="ks-MacBook-Air.local" failures="0" tests="25" name="com.ae.qa.testcases.RegisterBeforeCheckOutTest" time="43.898" errors="0" timestamp="2023-05-02T21:55:35 BST" skipped="0">
  <testcase classname="com.ae.qa.testcases.RegisterBeforeCheckOutTest" name="validateWelcomePageTitle" time="0.000"/>
  <system-out/>
  <testcase classname="com.ae.qa.testcases.RegisterBeforeCheckOutTest" name="validateWelcomePageTitle" time="0.000"/>
  <system-out/>
  <testcase classname="com.ae.qa.testcases.RegisterBeforeCheckOutTest" name="validateSignUpH2" time="0.031"/>
  <system-out/>
  <testcase classname="com.ae.qa.testcases.RegisterBeforeCheckOutTest" name="validateSignUpH2" time="0.035"/>
  <system-out/>
  <testcase classname="com.ae.qa.testcases.RegisterBeforeCheckOutTest" name="validateSignUpNewUser" time="0.495"/>
  <system-out/>
  <testcase classname="com.ae.qa.testcases.RegisterBeforeCheckOutTest" name="validateSignUpNewUser" time="0.985"/>
  <system-out/>
  <testcase classname="com.ae.qa.testcases.RegisterBeforeCheckOutTest" name="validateSignUpAccountInfoH2" time="0.022"/>
  <system-out/>
  <testcase classname="com.ae.qa.testcases.RegisterBeforeCheckOutTest" name="validateSignUpAccountInfoH2" time="0.026"/>
  <system-out/>
  <testcase classname="com.ae.qa.testcases.RegisterBeforeCheckOutTest" name="validateSignUp" time="3.847"/>
  <system-out/>
  <testcase classname="com.ae.qa.testcases.RegisterBeforeCheckOutTest" name="validateSignUp" time="3.642"/>
  <system-out/>
  <testcase classname="com.ae.qa.testcases.RegisterBeforeCheckOutTest" name="validateLoggedInUserName" time="6.148"/>
  <system-out/>
  <testcase classname="com.ae.qa.testcases.RegisterBeforeCheckOutTest" name="validateLoggedInUserName" time="6.810"/>
  <system-out/>
  <testcase classname="com.ae.qa.testcases.RegisterBeforeCheckOutTest" name="validateProductsLink" time="3.054"/>
  <system-out/>
  <testcase classname="com.ae.qa.testcases.RegisterBeforeCheckOutTest" name="validateProductsLink" time="3.556"/>
  <system-out/>
  <testcase classname="com.ae.qa.testcases.RegisterBeforeCheckOutTest" name="validateAddToCartInProductPage" time="1.543"/>
  <system-out/>
  <testcase classname="com.ae.qa.testcases.RegisterBeforeCheckOutTest" name="validateAddToCartInProductPage" time="2.037"/>
  <system-out/>
  <testcase classname="com.ae.qa.testcases.RegisterBeforeCheckOutTest" name="validateAddressVisibility" time="0.026"/>
  <system-out/>
  <testcase classname="com.ae.qa.testcases.RegisterBeforeCheckOutTest" name="validateOrderVisibility" time="0.018"/>
  <system-out/>
  <testcase classname="com.ae.qa.testcases.RegisterBeforeCheckOutTest" name="validateOrderVisibility" time="0.018"/>
  <system-out/>
  <testcase classname="com.ae.qa.testcases.RegisterBeforeCheckOutTest" name="validateAddressVisibility" time="0.021"/>
  <system-out/>
  <testcase classname="com.ae.qa.testcases.RegisterBeforeCheckOutTest" name="validatePlaceOrder" time="2.460"/>
  <system-out/>
  <testcase classname="com.ae.qa.testcases.RegisterBeforeCheckOutTest" name="validatePlaceOrder" time="2.433"/>
  <system-out/>
  <testcase classname="com.ae.qa.testcases.RegisterBeforeCheckOutTest" name="validateDownloadInvoice" time="5.236"/>
  <system-out/>
  <testcase classname="com.ae.qa.testcases.RegisterBeforeCheckOutTest" name="validateDeleteAccount" time="0.710"/>
  <system-out/>
  <testcase classname="com.ae.qa.testcases.RegisterBeforeCheckOutTest" name="validateDeleteAccount" time="0.745"/>
  <system-out/>
</testsuite> <!-- com.ae.qa.testcases.RegisterBeforeCheckOutTest -->
