<?xml version="1.0" encoding="UTF-8"?>
<!-- Generated by org.testng.reporters.JUnitReportReporter -->
<testsuite hostname="ks-MacBook-Air.local" failures="0" tests="23" name="com.ae.qa.testcases.RegisterWhileCheckOutTest" time="50.450" errors="0" timestamp="2023-05-02T21:55:35 BST" skipped="0">
  <testcase classname="com.ae.qa.testcases.RegisterWhileCheckOutTest" name="validateWelcomePageTitle" time="0.000"/>
  <system-out/>
  <testcase classname="com.ae.qa.testcases.RegisterWhileCheckOutTest" name="validateWelcomePageTitle" time="0.000"/>
  <system-out/>
  <testcase classname="com.ae.qa.testcases.RegisterWhileCheckOutTest" name="validateProductsLink" time="4.175"/>
  <system-out/>
  <testcase classname="com.ae.qa.testcases.RegisterWhileCheckOutTest" name="validateProductsLink" time="6.786"/>
  <system-out/>
  <testcase classname="com.ae.qa.testcases.RegisterWhileCheckOutTest" name="validateAddToCartInProductPage" time="1.988"/>
  <system-out/>
  <testcase classname="com.ae.qa.testcases.RegisterWhileCheckOutTest" name="validateAddToCartInProductPage" time="3.891"/>
  <system-out/>
  <testcase classname="com.ae.qa.testcases.RegisterWhileCheckOutTest" name="validateSignUpNewUser" time="1.057"/>
  <system-out/>
  <testcase classname="com.ae.qa.testcases.RegisterWhileCheckOutTest" name="validateSignUpNewUser" time="1.003"/>
  <system-out/>
  <testcase classname="com.ae.qa.testcases.RegisterWhileCheckOutTest" name="validateSignUp" time="3.553"/>
  <system-out/>
  <testcase classname="com.ae.qa.testcases.RegisterWhileCheckOutTest" name="validateSignUp" time="3.635"/>
  <system-out/>
  <testcase classname="com.ae.qa.testcases.RegisterWhileCheckOutTest" name="validateLoggedInUserName" time="6.312"/>
  <system-out/>
  <testcase classname="com.ae.qa.testcases.RegisterWhileCheckOutTest" name="validateLoggedInUserName" time="6.947"/>
  <system-out/>
  <testcase classname="com.ae.qa.testcases.RegisterWhileCheckOutTest" name="validateProceedCheckout" time="3.116"/>
  <system-out/>
  <testcase classname="com.ae.qa.testcases.RegisterWhileCheckOutTest" name="validateProceedCheckout" time="3.085"/>
  <system-out/>
  <testcase classname="com.ae.qa.testcases.RegisterWhileCheckOutTest" name="validateOrderVisibility" time="0.019"/>
  <system-out/>
  <testcase classname="com.ae.qa.testcases.RegisterWhileCheckOutTest" name="validateOrderVisibility" time="0.019"/>
  <system-out/>
  <testcase classname="com.ae.qa.testcases.RegisterWhileCheckOutTest" name="validateAddressVisibility" time="0.030"/>
  <system-out/>
  <testcase classname="com.ae.qa.testcases.RegisterWhileCheckOutTest" name="validateAddressVisibility" time="0.027"/>
  <system-out/>
  <testcase classname="com.ae.qa.testcases.RegisterWhileCheckOutTest" name="validatePlaceOrder" time="3.340"/>
  <system-out/>
  <testcase classname="com.ae.qa.testcases.RegisterWhileCheckOutTest" name="validateBillingyAddress" time="0.032"/>
  <system-out/>
  <testcase classname="com.ae.qa.testcases.RegisterWhileCheckOutTest" name="validateDeliveryAddress" time="0.029"/>
  <system-out/>
  <testcase classname="com.ae.qa.testcases.RegisterWhileCheckOutTest" name="validateDeleteAccount" time="0.712"/>
  <system-out/>
  <testcase classname="com.ae.qa.testcases.RegisterWhileCheckOutTest" name="validateDeleteAccount" time="0.694"/>
  <system-out/>
</testsuite> <!-- com.ae.qa.testcases.RegisterWhileCheckOutTest -->
