<?xml version="1.0" encoding="UTF-8"?>
<!-- Generated by org.testng.reporters.JUnitReportReporter -->
<testsuite hostname="ks-MacBook-Air.local" failures="0" tests="7" name="com.ae.qa.testcases.UserHomePageTest" time="4.910" errors="0" timestamp="2023-05-02T21:55:35 BST" skipped="0">
  <testcase classname="com.ae.qa.testcases.UserHomePageTest" name="validateWelcomePageTitle" time="0.004"/>
  <system-out/>
  <testcase classname="com.ae.qa.testcases.UserHomePageTest" name="validateLoginLink" time="0.849"/>
  <system-out/>
  <testcase classname="com.ae.qa.testcases.UserHomePageTest" name="validateLoginInfoH2" time="0.034"/>
  <system-out/>
  <testcase classname="com.ae.qa.testcases.UserHomePageTest" name="validateLoginWithValidData" time="3.529"/>
  <system-out/>
  <testcase classname="com.ae.qa.testcases.UserHomePageTest" name="validateLoggedInUserName" time="0.047"/>
  <system-out/>
  <testcase classname="com.ae.qa.testcases.UserHomePageTest" name="validateLogoutButton" time="0.440"/>
  <system-out/>
  <testcase classname="com.ae.qa.testcases.UserHomePageTest" name="verifyLoginPageTitle" time="0.007"/>
  <system-out/>
</testsuite> <!-- com.ae.qa.testcases.UserHomePageTest -->
