<?xml version="1.0" encoding="UTF-8"?>
<!-- Generated by org.testng.reporters.JUnitReportReporter -->
<testsuite hostname="ks-MacBook-Air.local" failures="0" tests="3" name="com.ae.qa.testcases.TestCasesPageTest" time="0.816" errors="0" timestamp="2023-05-02T21:55:35 BST" skipped="0">
  <testcase classname="com.ae.qa.testcases.TestCasesPageTest" name="validateWelcomePageTitle" time="0.004"/>
  <system-out/>
  <testcase classname="com.ae.qa.testcases.TestCasesPageTest" name="validateTestCasesLink" time="0.752"/>
  <system-out/>
  <testcase classname="com.ae.qa.testcases.TestCasesPageTest" name="validateTestCasesHeading" time="0.060"/>
  <system-out/>
</testsuite> <!-- com.ae.qa.testcases.TestCasesPageTest -->
