<?xml version="1.0" encoding="UTF-8"?>
<!-- Generated by org.testng.reporters.JUnitReportReporter -->
<testsuite hostname="ks-MacBook-Air.local" failures="0" tests="8" name="com.ae.qa.testcases.LoginBeforeCheckoutTest" time="10.380" errors="0" timestamp="2023-05-02T21:55:35 BST" skipped="0">
  <testcase classname="com.ae.qa.testcases.LoginBeforeCheckoutTest" name="validateWelcomePageTitle" time="0.002"/>
  <system-out/>
  <testcase classname="com.ae.qa.testcases.LoginBeforeCheckoutTest" name="validateLoginWithValidDetails" time="2.939"/>
  <system-out/>
  <testcase classname="com.ae.qa.testcases.LoginBeforeCheckoutTest" name="validateProductsLink" time="1.915"/>
  <system-out/>
  <testcase classname="com.ae.qa.testcases.LoginBeforeCheckoutTest" name="validateAddToCartInProductPage" time="2.218"/>
  <system-out/>
  <testcase classname="com.ae.qa.testcases.LoginBeforeCheckoutTest" name="validateAddressVisibility" time="0.028"/>
  <system-out/>
  <testcase classname="com.ae.qa.testcases.LoginBeforeCheckoutTest" name="validateOrderVisibility" time="0.033"/>
  <system-out/>
  <testcase classname="com.ae.qa.testcases.LoginBeforeCheckoutTest" name="validatePlaceOrder" time="2.506"/>
  <system-out/>
  <testcase classname="com.ae.qa.testcases.LoginBeforeCheckoutTest" name="validateDeleteAccount" time="0.739"/>
  <system-out/>
</testsuite> <!-- com.ae.qa.testcases.LoginBeforeCheckoutTest -->
