<?xml version="1.0" encoding="UTF-8"?>
<!-- Generated by org.testng.reporters.JUnitReportReporter -->
<testsuite hostname="ks-MacBook-Air.local" failures="0" tests="6" name="com.ae.qa.testcases.ContactUsPageTest" time="4.323" errors="0" timestamp="2023-05-02T21:55:35 BST" skipped="0">
  <testcase classname="com.ae.qa.testcases.ContactUsPageTest" name="validateWelcomePageTitle" time="0.009"/>
  <system-out/>
  <testcase classname="com.ae.qa.testcases.ContactUsPageTest" name="validateContactUsLink" time="0.958"/>
  <system-out/>
  <testcase classname="com.ae.qa.testcases.ContactUsPageTest" name="validateContactUsH2" time="0.044"/>
  <system-out/>
  <testcase classname="com.ae.qa.testcases.ContactUsPageTest" name="validateContactusForm" time="0.647"/>
  <system-out/>
  <testcase classname="com.ae.qa.testcases.ContactUsPageTest" name="validateGetInTouchH2" time="0.038"/>
  <system-out/>
  <testcase classname="com.ae.qa.testcases.ContactUsPageTest" name="validateHomeButton" time="2.627"/>
  <system-out/>
</testsuite> <!-- com.ae.qa.testcases.ContactUsPageTest -->
