<?xml version="1.0" encoding="UTF-8"?>
<!-- Generated by org.testng.reporters.JUnitReportReporter -->
<testsuite hostname="ks-MacBook-Air.local" failures="0" tests="1" name="TestEx" time="0.020" errors="0" timestamp="2023-03-28T22:30:36 BST" skipped="0">
  <testcase classname="TestEx" name="foo" time="0.020"/>
  <system-out/>
</testsuite> <!-- TestEx -->
