<?xml version="1.0" encoding="UTF-8"?>
<!-- Generated by org.testng.reporters.JUnitReportReporter -->
<testsuite hostname="ks-MacBook-Air.local" failures="0" tests="1" name="com.ae.qa.testcases.SignUpExsitingUserTest" time="0.009" errors="0" timestamp="2023-05-04T17:11:00 BST" skipped="0">
  <testcase classname="com.ae.qa.testcases.SignUpExsitingUserTest" name="validateWelcomePageTitle" time="0.009"/>
  <system-out/>
</testsuite> <!-- com.ae.qa.testcases.SignUpExsitingUserTest -->
