<?xml version="1.0" encoding="UTF-8"?>
<!-- Generated by org.testng.reporters.JUnitReportReporter -->
<testsuite hostname="ks-MacBook-Air.local" failures="0" tests="13" name="com.ae.qa.testcases.RegisterWhileCheckOutTest" time="26.060" errors="0" timestamp="2023-05-04T17:11:00 BST" skipped="0">
  <testcase classname="com.ae.qa.testcases.RegisterWhileCheckOutTest" name="validateWelcomePageTitle" time="0.001"/>
  <system-out/>
  <testcase classname="com.ae.qa.testcases.RegisterWhileCheckOutTest" name="validateProductsLink" time="2.406"/>
  <system-out/>
  <testcase classname="com.ae.qa.testcases.RegisterWhileCheckOutTest" name="validateAddToCartInProductPage" time="2.144"/>
  <system-out/>
  <testcase classname="com.ae.qa.testcases.RegisterWhileCheckOutTest" name="validateSignUpNewUser" time="0.701"/>
  <system-out/>
  <testcase classname="com.ae.qa.testcases.RegisterWhileCheckOutTest" name="validateSignUp" time="4.945"/>
  <system-out/>
  <testcase classname="com.ae.qa.testcases.RegisterWhileCheckOutTest" name="validateLoggedInUserName" time="7.353"/>
  <system-out/>
  <testcase classname="com.ae.qa.testcases.RegisterWhileCheckOutTest" name="validateProceedCheckout" time="3.665"/>
  <system-out/>
  <testcase classname="com.ae.qa.testcases.RegisterWhileCheckOutTest" name="validateAddressVisibility" time="0.024"/>
  <system-out/>
  <testcase classname="com.ae.qa.testcases.RegisterWhileCheckOutTest" name="validateOrderVisibility" time="0.028"/>
  <system-out/>
  <testcase classname="com.ae.qa.testcases.RegisterWhileCheckOutTest" name="validateBillingyAddress" time="0.039"/>
  <system-out/>
  <testcase classname="com.ae.qa.testcases.RegisterWhileCheckOutTest" name="validatePlaceOrder" time="3.948"/>
  <system-out/>
  <testcase classname="com.ae.qa.testcases.RegisterWhileCheckOutTest" name="validateDeliveryAddress" time="0.028"/>
  <system-out/>
  <testcase classname="com.ae.qa.testcases.RegisterWhileCheckOutTest" name="validateDeleteAccount" time="0.778"/>
  <system-out/>
</testsuite> <!-- com.ae.qa.testcases.RegisterWhileCheckOutTest -->
