<?xml version="1.0" encoding="UTF-8"?>
<!-- Generated by org.testng.reporters.JUnitReportReporter -->
<testsuite hostname="ks-MacBook-Air.local" failures="0" tests="4" name="com.ae.qa.testcases.SearchProductsPageTest" time="10.622" errors="0" timestamp="2023-05-04T17:11:00 BST" skipped="0">
  <testcase classname="com.ae.qa.testcases.SearchProductsPageTest" name="validateWelcomePageTitle" time="0.004"/>
  <system-out/>
  <testcase classname="com.ae.qa.testcases.SearchProductsPageTest" name="validateProductsLink" time="6.112"/>
  <system-out/>
  <testcase classname="com.ae.qa.testcases.SearchProductsPageTest" name="validateSearchProductField" time="4.339"/>
  <system-out/>
  <testcase classname="com.ae.qa.testcases.SearchProductsPageTest" name="validateSearchedProductsVisibility" time="0.167"/>
  <system-out/>
</testsuite> <!-- com.ae.qa.testcases.SearchProductsPageTest -->
