<?xml version="1.0" encoding="UTF-8"?>
<!-- Generated by org.testng.reporters.JUnitReportReporter -->
<testsuite hostname="ks-MacBook-Air.local" failures="0" tests="3" name="com.ae.qa.testcases.TestCasesPageTest" time="1.006" errors="0" timestamp="2023-05-04T17:11:00 BST" skipped="0">
  <testcase classname="com.ae.qa.testcases.TestCasesPageTest" name="validateWelcomePageTitle" time="0.011"/>
  <system-out/>
  <testcase classname="com.ae.qa.testcases.TestCasesPageTest" name="validateTestCasesLink" time="0.952"/>
  <system-out/>
  <testcase classname="com.ae.qa.testcases.TestCasesPageTest" name="validateTestCasesHeading" time="0.043"/>
  <system-out/>
</testsuite> <!-- com.ae.qa.testcases.TestCasesPageTest -->
