<?xml version="1.0" encoding="UTF-8"?>
<!-- Generated by org.testng.reporters.JUnitReportReporter -->
<testsuite hostname="ks-MacBook-Air.local" failures="0" tests="1" name="org.example.ValidateFramework" time="16.769" errors="0" timestamp="2023-04-06T14:50:35 BST" skipped="0">
  <testcase classname="org.example.ValidateFramework" name="setUp" time="16.769"/>
  <system-out/>
</testsuite> <!-- org.example.ValidateFramework -->
