<?xml version="1.0" encoding="UTF-8"?>
<!-- Generated by org.testng.reporters.JUnitReportReporter -->
<testsuite hostname="ks-MacBook-Air.local" failures="0" tests="23" name="com.ae.qa.testcases.RegisterWhileCheckOutTest" time="42.648" errors="0" timestamp="2023-05-03T23:23:03 BST" skipped="0">
  <testcase classname="com.ae.qa.testcases.RegisterWhileCheckOutTest" name="validateWelcomePageTitle" time="0.001"/>
  <system-out/>
  <testcase classname="com.ae.qa.testcases.RegisterWhileCheckOutTest" name="validateWelcomePageTitle" time="0.001"/>
  <system-out/>
  <testcase classname="com.ae.qa.testcases.RegisterWhileCheckOutTest" name="validateProductsLink" time="2.071"/>
  <system-out/>
  <testcase classname="com.ae.qa.testcases.RegisterWhileCheckOutTest" name="validateProductsLink" time="1.508"/>
  <system-out/>
  <testcase classname="com.ae.qa.testcases.RegisterWhileCheckOutTest" name="validateAddToCartInProductPage" time="2.149"/>
  <system-out/>
  <testcase classname="com.ae.qa.testcases.RegisterWhileCheckOutTest" name="validateAddToCartInProductPage" time="1.852"/>
  <system-out/>
  <testcase classname="com.ae.qa.testcases.RegisterWhileCheckOutTest" name="validateSignUpNewUser" time="0.768"/>
  <system-out/>
  <testcase classname="com.ae.qa.testcases.RegisterWhileCheckOutTest" name="validateSignUpNewUser" time="0.471"/>
  <system-out/>
  <testcase classname="com.ae.qa.testcases.RegisterWhileCheckOutTest" name="validateSignUp" time="4.178"/>
  <system-out/>
  <testcase classname="com.ae.qa.testcases.RegisterWhileCheckOutTest" name="validateSignUp" time="3.870"/>
  <system-out/>
  <testcase classname="com.ae.qa.testcases.RegisterWhileCheckOutTest" name="validateLoggedInUserName" time="6.526"/>
  <system-out/>
  <testcase classname="com.ae.qa.testcases.RegisterWhileCheckOutTest" name="validateLoggedInUserName" time="6.726"/>
  <system-out/>
  <testcase classname="com.ae.qa.testcases.RegisterWhileCheckOutTest" name="validateProceedCheckout" time="3.341"/>
  <system-out/>
  <testcase classname="com.ae.qa.testcases.RegisterWhileCheckOutTest" name="validateProceedCheckout" time="3.586"/>
  <system-out/>
  <testcase classname="com.ae.qa.testcases.RegisterWhileCheckOutTest" name="validateOrderVisibility" time="0.021"/>
  <system-out/>
  <testcase classname="com.ae.qa.testcases.RegisterWhileCheckOutTest" name="validateOrderVisibility" time="0.026"/>
  <system-out/>
  <testcase classname="com.ae.qa.testcases.RegisterWhileCheckOutTest" name="validateAddressVisibility" time="0.036"/>
  <system-out/>
  <testcase classname="com.ae.qa.testcases.RegisterWhileCheckOutTest" name="validateAddressVisibility" time="0.025"/>
  <system-out/>
  <testcase classname="com.ae.qa.testcases.RegisterWhileCheckOutTest" name="validateDeliveryAddress" time="0.023"/>
  <system-out/>
  <testcase classname="com.ae.qa.testcases.RegisterWhileCheckOutTest" name="validatePlaceOrder" time="3.579"/>
  <system-out/>
  <testcase classname="com.ae.qa.testcases.RegisterWhileCheckOutTest" name="validateBillingyAddress" time="0.028"/>
  <system-out/>
  <testcase classname="com.ae.qa.testcases.RegisterWhileCheckOutTest" name="validateDeleteAccount" time="0.931"/>
  <system-out/>
  <testcase classname="com.ae.qa.testcases.RegisterWhileCheckOutTest" name="validateDeleteAccount" time="0.931"/>
  <system-out/>
</testsuite> <!-- com.ae.qa.testcases.RegisterWhileCheckOutTest -->
