<?xml version="1.0" encoding="UTF-8"?>
<!-- Generated by org.testng.reporters.JUnitReportReporter -->
<testsuite hostname="ks-MacBook-Air.local" failures="0" tests="6" name="com.ae.qa.testcases.ContactUsPageTest" time="5.405" errors="0" timestamp="2023-05-01T13:16:11 BST" skipped="0">
  <testcase classname="com.ae.qa.testcases.ContactUsPageTest" name="validateWelcomePageTitle" time="0.010"/>
  <system-out/>
  <testcase classname="com.ae.qa.testcases.ContactUsPageTest" name="validateContactUsLink" time="1.099"/>
  <system-out/>
  <testcase classname="com.ae.qa.testcases.ContactUsPageTest" name="validateContactUsH2" time="0.063"/>
  <system-out/>
  <testcase classname="com.ae.qa.testcases.ContactUsPageTest" name="validateContactusForm" time="0.877"/>
  <system-out/>
  <testcase classname="com.ae.qa.testcases.ContactUsPageTest" name="validateGetInTouchH2" time="0.043"/>
  <system-out/>
  <testcase classname="com.ae.qa.testcases.ContactUsPageTest" name="validateHomeButton" time="3.313"/>
  <system-out/>
</testsuite> <!-- com.ae.qa.testcases.ContactUsPageTest -->
