<?xml version="1.0" encoding="UTF-8"?>
<!-- Generated by org.testng.reporters.JUnitReportReporter -->
<testsuite hostname="ks-MacBook-Air.local" failures="0" tests="9" name="com.ae.qa.testcases.WelcomePageTest" time="1.366" errors="0" timestamp="2023-05-01T13:16:11 BST" skipped="0">
  <testcase classname="com.ae.qa.testcases.WelcomePageTest" name="validateScrolldownGetSubscriptionH2" time="0.121"/>
  <system-out/>
  <testcase classname="com.ae.qa.testcases.WelcomePageTest" name="validateScrolldownGetSubscriptionH2" time="0.215"/>
  <system-out/>
  <testcase classname="com.ae.qa.testcases.WelcomePageTest" name="validateWelcomePageTitle" time="0.002"/>
  <system-out/>
  <testcase classname="com.ae.qa.testcases.WelcomePageTest" name="validateWelcomePageTitle" time="0.004"/>
  <system-out/>
  <testcase classname="com.ae.qa.testcases.WelcomePageTest" name="validateScrollUpWithoutArrow" time="0.050"/>
  <system-out/>
  <testcase classname="com.ae.qa.testcases.WelcomePageTest" name="validateSubscription" time="0.448"/>
  <system-out/>
  <testcase classname="com.ae.qa.testcases.WelcomePageTest" name="validateScrolldownGetSubscriptionH2" time="0.159"/>
  <system-out/>
  <testcase classname="com.ae.qa.testcases.WelcomePageTest" name="validateWelcomePageTitle" time="0.010"/>
  <system-out/>
  <testcase classname="com.ae.qa.testcases.WelcomePageTest" name="validateScrollUpWithArrow" time="0.357"/>
  <system-out/>
</testsuite> <!-- com.ae.qa.testcases.WelcomePageTest -->
