<?xml version="1.0" encoding="UTF-8"?>
<!-- Generated by org.testng.reporters.JUnitReportReporter -->
<testsuite hostname="ks-MacBook-Air.local" failures="0" tests="3" name="com.ae.qa.testcases.TestCasesPageTest" time="0.456" errors="0" timestamp="2023-05-01T13:16:11 BST" skipped="0">
  <testcase classname="com.ae.qa.testcases.TestCasesPageTest" name="validateWelcomePageTitle" time="0.004"/>
  <system-out/>
  <testcase classname="com.ae.qa.testcases.TestCasesPageTest" name="validateTestCasesLink" time="0.406"/>
  <system-out/>
  <testcase classname="com.ae.qa.testcases.TestCasesPageTest" name="validateTestCasesHeading" time="0.046"/>
  <system-out/>
</testsuite> <!-- com.ae.qa.testcases.TestCasesPageTest -->
