<?xml version="1.0" encoding="UTF-8"?>
<!-- Generated by org.testng.reporters.JUnitReportReporter -->
<testsuite hostname="ks-MacBook-Air.local" failures="0" tests="7" name="com.ae.qa.testcases.UserHomePageTest" time="3.454" errors="0" timestamp="2023-05-01T13:16:11 BST" skipped="0">
  <testcase classname="com.ae.qa.testcases.UserHomePageTest" name="validateWelcomePageTitle" time="0.009"/>
  <system-out/>
  <testcase classname="com.ae.qa.testcases.UserHomePageTest" name="validateLoginLink" time="0.366"/>
  <system-out/>
  <testcase classname="com.ae.qa.testcases.UserHomePageTest" name="validateLoginInfoH2" time="0.057"/>
  <system-out/>
  <testcase classname="com.ae.qa.testcases.UserHomePageTest" name="validateLoginWithValidData" time="2.220"/>
  <system-out/>
  <testcase classname="com.ae.qa.testcases.UserHomePageTest" name="validateLoggedInUserName" time="0.261"/>
  <system-out/>
  <testcase classname="com.ae.qa.testcases.UserHomePageTest" name="validateLogoutButton" time="0.533"/>
  <system-out/>
  <testcase classname="com.ae.qa.testcases.UserHomePageTest" name="verifyLoginPageTitle" time="0.008"/>
  <system-out/>
</testsuite> <!-- com.ae.qa.testcases.UserHomePageTest -->
