<?xml version="1.0" encoding="UTF-8"?>
<!-- Generated by org.testng.reporters.JUnitReportReporter -->
<testsuite hostname="ks-MacBook-Air.local" failures="0" tests="9" name="com.ae.qa.testcases.WelcomePageTest" time="1.476" errors="0" timestamp="2023-05-03T23:23:03 BST" skipped="0">
  <testcase classname="com.ae.qa.testcases.WelcomePageTest" name="validateScrollUpWithArrow" time="0.465"/>
  <system-out/>
  <testcase classname="com.ae.qa.testcases.WelcomePageTest" name="validateScrolldownGetSubscriptionH2" time="0.109"/>
  <system-out/>
  <testcase classname="com.ae.qa.testcases.WelcomePageTest" name="validateScrolldownGetSubscriptionH2" time="0.113"/>
  <system-out/>
  <testcase classname="com.ae.qa.testcases.WelcomePageTest" name="validateWelcomePageTitle" time="0.002"/>
  <system-out/>
  <testcase classname="com.ae.qa.testcases.WelcomePageTest" name="validateSubscription" time="0.578"/>
  <system-out/>
  <testcase classname="com.ae.qa.testcases.WelcomePageTest" name="validateWelcomePageTitle" time="0.012"/>
  <system-out/>
  <testcase classname="com.ae.qa.testcases.WelcomePageTest" name="validateScrollUpWithoutArrow" time="0.063"/>
  <system-out/>
  <testcase classname="com.ae.qa.testcases.WelcomePageTest" name="validateWelcomePageTitle" time="0.005"/>
  <system-out/>
  <testcase classname="com.ae.qa.testcases.WelcomePageTest" name="validateScrolldownGetSubscriptionH2" time="0.129"/>
  <system-out/>
</testsuite> <!-- com.ae.qa.testcases.WelcomePageTest -->
