<?xml version="1.0" encoding="UTF-8"?>
<!-- Generated by org.testng.reporters.JUnitReportReporter -->
<testsuite hostname="ks-MacBook-Air.local" failures="0" tests="4" name="com.ae.qa.testcases.SearchProductsPageTest" time="3.983" errors="0" timestamp="2023-05-01T13:16:11 BST" skipped="0">
  <testcase classname="com.ae.qa.testcases.SearchProductsPageTest" name="validateWelcomePageTitle" time="0.005"/>
  <system-out/>
  <testcase classname="com.ae.qa.testcases.SearchProductsPageTest" name="validateProductsLink" time="1.690"/>
  <system-out/>
  <testcase classname="com.ae.qa.testcases.SearchProductsPageTest" name="validateSearchProductField" time="1.810"/>
  <system-out/>
  <testcase classname="com.ae.qa.testcases.SearchProductsPageTest" name="validateSearchedProductsVisibility" time="0.478"/>
  <system-out/>
</testsuite> <!-- com.ae.qa.testcases.SearchProductsPageTest -->
