<?xml version="1.0" encoding="UTF-8"?>
<!-- Generated by org.testng.reporters.JUnitReportReporter -->
<testsuite hostname="ks-MacBook-Air.local" failures="0" tests="13" name="com.ae.qa.testcases.LoginPageTest" time="10.862" errors="0" timestamp="2023-05-01T13:16:11 BST" skipped="0">
  <testcase classname="com.ae.qa.testcases.LoginPageTest" name="validateWelcomePageTitle" time="0.000"/>
  <system-out/>
  <testcase classname="com.ae.qa.testcases.LoginPageTest" name="validateWelcomePageTitle" time="0.000"/>
  <system-out/>
  <testcase classname="com.ae.qa.testcases.LoginPageTest" name="validateWelcomePageTitle" time="0.000"/>
  <system-out/>
  <testcase classname="com.ae.qa.testcases.LoginPageTest" name="validateLoginH2" time="0.060"/>
  <system-out/>
  <testcase classname="com.ae.qa.testcases.LoginPageTest" name="validateLoginH2" time="0.041"/>
  <system-out/>
  <testcase classname="com.ae.qa.testcases.LoginPageTest" name="validateLoginH2" time="0.097"/>
  <system-out/>
  <testcase classname="com.ae.qa.testcases.LoginPageTest" name="validateLoginWithInValidDetails" time="0.456"/>
  <system-out/>
  <testcase classname="com.ae.qa.testcases.LoginPageTest" name="validateLoginWithValidDetails" time="3.204"/>
  <system-out/>
  <testcase classname="com.ae.qa.testcases.LoginPageTest" name="validateLoginWithValidDetails" time="2.286"/>
  <system-out/>
  <testcase classname="com.ae.qa.testcases.LoginPageTest" name="validateDeletedAccount" time="0.300"/>
  <system-out/>
  <testcase classname="com.ae.qa.testcases.LoginPageTest" name="validateDeletedAccount" time="0.408"/>
  <system-out/>
  <testcase classname="com.ae.qa.testcases.LoginPageTest" name="validateContinueDeleteButton" time="2.295"/>
  <system-out/>
  <testcase classname="com.ae.qa.testcases.LoginPageTest" name="validateContinueDeleteButton" time="1.715"/>
  <system-out/>
</testsuite> <!-- com.ae.qa.testcases.LoginPageTest -->
