<?xml version="1.0" encoding="UTF-8"?>
<!-- Generated by org.testng.reporters.JUnitReportReporter -->
<testsuite hostname="ks-MacBook-Air.local" failures="0" tests="4" name="com.ae.qa.testcases.SearchProductsPageTest" time="3.711" errors="0" timestamp="2023-05-03T23:23:03 BST" skipped="0">
  <testcase classname="com.ae.qa.testcases.SearchProductsPageTest" name="validateWelcomePageTitle" time="0.005"/>
  <system-out/>
  <testcase classname="com.ae.qa.testcases.SearchProductsPageTest" name="validateProductsLink" time="2.057"/>
  <system-out/>
  <testcase classname="com.ae.qa.testcases.SearchProductsPageTest" name="validateSearchProductField" time="1.338"/>
  <system-out/>
  <testcase classname="com.ae.qa.testcases.SearchProductsPageTest" name="validateSearchedProductsVisibility" time="0.311"/>
  <system-out/>
</testsuite> <!-- com.ae.qa.testcases.SearchProductsPageTest -->
