<?xml version="1.0" encoding="UTF-8"?>
<!-- Generated by org.testng.reporters.JUnitReportReporter -->
<testsuite hostname="ks-MacBook-Air.local" failures="0" tests="29" name="com.ae.qa.testcases.SignUpPageTest" time="55.173" errors="0" timestamp="2023-05-01T13:16:11 BST" skipped="0">
  <testcase classname="com.ae.qa.testcases.SignUpPageTest" name="validateWelcomePageTitle" time="0.001"/>
  <system-out/>
  <testcase classname="com.ae.qa.testcases.SignUpPageTest" name="validateWelcomePageTitle" time="0.000"/>
  <system-out/>
  <testcase classname="com.ae.qa.testcases.SignUpPageTest" name="validateWelcomePageTitle" time="0.000"/>
  <system-out/>
  <testcase classname="com.ae.qa.testcases.SignUpPageTest" name="validateWelcomePageTitle" time="0.001"/>
  <system-out/>
  <testcase classname="com.ae.qa.testcases.SignUpPageTest" name="validateWelcomePageTitle" time="0.005"/>
  <system-out/>
  <testcase classname="com.ae.qa.testcases.SignUpPageTest" name="validateSignUpH2" time="0.045"/>
  <system-out/>
  <testcase classname="com.ae.qa.testcases.SignUpPageTest" name="validateSignUpH2" time="0.065"/>
  <system-out/>
  <testcase classname="com.ae.qa.testcases.SignUpPageTest" name="validateSignUpH2" time="0.071"/>
  <system-out/>
  <testcase classname="com.ae.qa.testcases.SignUpPageTest" name="validateSignUpH2" time="0.055"/>
  <system-out/>
  <testcase classname="com.ae.qa.testcases.SignUpPageTest" name="validateSignUpH2" time="0.080"/>
  <system-out/>
  <testcase classname="com.ae.qa.testcases.SignUpPageTest" name="validateSignUpExistingUser" time="0.598"/>
  <system-out/>
  <testcase classname="com.ae.qa.testcases.SignUpPageTest" name="validateSignUpNewUser" time="0.473"/>
  <system-out/>
  <testcase classname="com.ae.qa.testcases.SignUpPageTest" name="validateSignUpNewUser" time="0.903"/>
  <system-out/>
  <testcase classname="com.ae.qa.testcases.SignUpPageTest" name="validateSignUpNewUser" time="0.631"/>
  <system-out/>
  <testcase classname="com.ae.qa.testcases.SignUpPageTest" name="validateSignUpNewUser" time="1.023"/>
  <system-out/>
  <testcase classname="com.ae.qa.testcases.SignUpPageTest" name="validateSignUpAccountInfoH2" time="0.026"/>
  <system-out/>
  <testcase classname="com.ae.qa.testcases.SignUpPageTest" name="validateSignUpAccountInfoH2" time="0.039"/>
  <system-out/>
  <testcase classname="com.ae.qa.testcases.SignUpPageTest" name="validateSignUpAccountInfoH2" time="0.050"/>
  <system-out/>
  <testcase classname="com.ae.qa.testcases.SignUpPageTest" name="validateSignUpAccountInfoH2" time="0.067"/>
  <system-out/>
  <testcase classname="com.ae.qa.testcases.SignUpPageTest" name="validateSignUp" time="4.171"/>
  <system-out/>
  <testcase classname="com.ae.qa.testcases.SignUpPageTest" name="validateSignUp" time="5.229"/>
  <system-out/>
  <testcase classname="com.ae.qa.testcases.SignUpPageTest" name="validateSignUp" time="3.841"/>
  <system-out/>
  <testcase classname="com.ae.qa.testcases.SignUpPageTest" name="validateSignUp" time="4.259"/>
  <system-out/>
  <testcase classname="com.ae.qa.testcases.SignUpPageTest" name="validateLoggedInUserName" time="6.658"/>
  <system-out/>
  <testcase classname="com.ae.qa.testcases.SignUpPageTest" name="validateLoggedInUserName" time="9.962"/>
  <system-out/>
  <testcase classname="com.ae.qa.testcases.SignUpPageTest" name="validateLoggedInUserName" time="5.844"/>
  <system-out/>
  <testcase classname="com.ae.qa.testcases.SignUpPageTest" name="validateLoggedInUserName" time="6.964"/>
  <system-out/>
  <testcase classname="com.ae.qa.testcases.SignUpPageTest" name="validateDeleteAccount" time="0.754"/>
  <system-out/>
  <testcase classname="com.ae.qa.testcases.SignUpPageTest" name="validateContinueDeletedButton" time="3.358"/>
  <system-out/>
</testsuite> <!-- com.ae.qa.testcases.SignUpPageTest -->
