<?xml version="1.0" encoding="UTF-8"?>
<!-- Generated by org.testng.reporters.JUnitReportReporter -->
<testsuite hostname="ks-MacBook-Air.local" failures="0" tests="25" name="com.ae.qa.testcases.RegisterBeforeCheckOutTest" time="46.890" errors="0" timestamp="2023-05-03T23:23:03 BST" skipped="0">
  <testcase classname="com.ae.qa.testcases.RegisterBeforeCheckOutTest" name="validateWelcomePageTitle" time="0.000"/>
  <system-out/>
  <testcase classname="com.ae.qa.testcases.RegisterBeforeCheckOutTest" name="validateWelcomePageTitle" time="0.001"/>
  <system-out/>
  <testcase classname="com.ae.qa.testcases.RegisterBeforeCheckOutTest" name="validateSignUpH2" time="0.035"/>
  <system-out/>
  <testcase classname="com.ae.qa.testcases.RegisterBeforeCheckOutTest" name="validateSignUpH2" time="0.043"/>
  <system-out/>
  <testcase classname="com.ae.qa.testcases.RegisterBeforeCheckOutTest" name="validateSignUpNewUser" time="0.460"/>
  <system-out/>
  <testcase classname="com.ae.qa.testcases.RegisterBeforeCheckOutTest" name="validateSignUpNewUser" time="0.448"/>
  <system-out/>
  <testcase classname="com.ae.qa.testcases.RegisterBeforeCheckOutTest" name="validateSignUpAccountInfoH2" time="0.021"/>
  <system-out/>
  <testcase classname="com.ae.qa.testcases.RegisterBeforeCheckOutTest" name="validateSignUpAccountInfoH2" time="0.014"/>
  <system-out/>
  <testcase classname="com.ae.qa.testcases.RegisterBeforeCheckOutTest" name="validateSignUp" time="3.598"/>
  <system-out/>
  <testcase classname="com.ae.qa.testcases.RegisterBeforeCheckOutTest" name="validateSignUp" time="4.447"/>
  <system-out/>
  <testcase classname="com.ae.qa.testcases.RegisterBeforeCheckOutTest" name="validateLoggedInUserName" time="6.322"/>
  <system-out/>
  <testcase classname="com.ae.qa.testcases.RegisterBeforeCheckOutTest" name="validateLoggedInUserName" time="7.160"/>
  <system-out/>
  <testcase classname="com.ae.qa.testcases.RegisterBeforeCheckOutTest" name="validateProductsLink" time="2.948"/>
  <system-out/>
  <testcase classname="com.ae.qa.testcases.RegisterBeforeCheckOutTest" name="validateProductsLink" time="3.722"/>
  <system-out/>
  <testcase classname="com.ae.qa.testcases.RegisterBeforeCheckOutTest" name="validateAddToCartInProductPage" time="2.445"/>
  <system-out/>
  <testcase classname="com.ae.qa.testcases.RegisterBeforeCheckOutTest" name="validateAddToCartInProductPage" time="1.835"/>
  <system-out/>
  <testcase classname="com.ae.qa.testcases.RegisterBeforeCheckOutTest" name="validateAddressVisibility" time="0.021"/>
  <system-out/>
  <testcase classname="com.ae.qa.testcases.RegisterBeforeCheckOutTest" name="validateOrderVisibility" time="0.021"/>
  <system-out/>
  <testcase classname="com.ae.qa.testcases.RegisterBeforeCheckOutTest" name="validateAddressVisibility" time="0.023"/>
  <system-out/>
  <testcase classname="com.ae.qa.testcases.RegisterBeforeCheckOutTest" name="validateOrderVisibility" time="0.029"/>
  <system-out/>
  <testcase classname="com.ae.qa.testcases.RegisterBeforeCheckOutTest" name="validatePlaceOrder" time="3.798"/>
  <system-out/>
  <testcase classname="com.ae.qa.testcases.RegisterBeforeCheckOutTest" name="validatePlaceOrder" time="2.432"/>
  <system-out/>
  <testcase classname="com.ae.qa.testcases.RegisterBeforeCheckOutTest" name="validateDownloadInvoice" time="5.274"/>
  <system-out/>
  <testcase classname="com.ae.qa.testcases.RegisterBeforeCheckOutTest" name="validateDeleteAccount" time="0.919"/>
  <system-out/>
  <testcase classname="com.ae.qa.testcases.RegisterBeforeCheckOutTest" name="validateDeleteAccount" time="0.874"/>
  <system-out/>
</testsuite> <!-- com.ae.qa.testcases.RegisterBeforeCheckOutTest -->
