<?xml version="1.0" encoding="UTF-8"?>
<!-- Generated by org.testng.reporters.JUnitReportReporter -->
<testsuite hostname="ks-MacBook-Air.local" failures="0" tests="7" name="com.ae.qa.testcases.UserHomePageTest" time="4.744" errors="0" timestamp="2023-05-03T23:23:03 BST" skipped="0">
  <testcase classname="com.ae.qa.testcases.UserHomePageTest" name="validateWelcomePageTitle" time="0.011"/>
  <system-out/>
  <testcase classname="com.ae.qa.testcases.UserHomePageTest" name="validateLoginLink" time="0.465"/>
  <system-out/>
  <testcase classname="com.ae.qa.testcases.UserHomePageTest" name="validateLoginInfoH2" time="0.039"/>
  <system-out/>
  <testcase classname="com.ae.qa.testcases.UserHomePageTest" name="validateLoginWithValidData" time="3.637"/>
  <system-out/>
  <testcase classname="com.ae.qa.testcases.UserHomePageTest" name="validateLoggedInUserName" time="0.059"/>
  <system-out/>
  <testcase classname="com.ae.qa.testcases.UserHomePageTest" name="validateLogoutButton" time="0.529"/>
  <system-out/>
  <testcase classname="com.ae.qa.testcases.UserHomePageTest" name="verifyLoginPageTitle" time="0.004"/>
  <system-out/>
</testsuite> <!-- com.ae.qa.testcases.UserHomePageTest -->
