<?xml version="1.0" encoding="UTF-8"?>
<!-- Generated by org.testng.reporters.JUnitReportReporter -->
<testsuite hostname="ks-MacBook-Air.local" failures="0" tests="2" name="com.ae.qa.testcases.LoginPage_Test" time="60.340" errors="0" timestamp="2023-04-24T14:39:05 BST" skipped="0">
  <testcase classname="com.ae.qa.testcases.LoginPage_Test" name="login_Testcase" time="33.229"/>
  <system-out/>
  <testcase classname="com.ae.qa.testcases.LoginPage_Test" name="loginpageTitle_test" time="27.111"/>
  <system-out/>
</testsuite> <!-- com.ae.qa.testcases.LoginPage_Test -->
