<?xml version="1.0" encoding="UTF-8"?>
<!-- Generated by org.testng.reporters.JUnitReportReporter -->
<testsuite hostname="ks-MacBook-Air.local" failures="0" tests="25" name="com.ae.qa.testcases.ProductsPageTest" time="23.542" errors="0" timestamp="2023-05-03T23:23:03 BST" skipped="0">
  <testcase classname="com.ae.qa.testcases.ProductsPageTest" name="validateWelcomePageTitle" time="0.010"/>
  <system-out/>
  <testcase classname="com.ae.qa.testcases.ProductsPageTest" name="validateWelcomePageTitle" time="0.012"/>
  <system-out/>
  <testcase classname="com.ae.qa.testcases.ProductsPageTest" name="validateWelcomePageTitle" time="0.003"/>
  <system-out/>
  <testcase classname="com.ae.qa.testcases.ProductsPageTest" name="validateWelcomePageTitle" time="0.008"/>
  <system-out/>
  <testcase classname="com.ae.qa.testcases.ProductsPageTest" name="validateWelcomePageTitle" time="0.008"/>
  <system-out/>
  <testcase classname="com.ae.qa.testcases.ProductsPageTest" name="validateProductsLink" time="1.526"/>
  <system-out/>
  <testcase classname="com.ae.qa.testcases.ProductsPageTest" name="validateProductsLink" time="4.170"/>
  <system-out/>
  <testcase classname="com.ae.qa.testcases.ProductsPageTest" name="validateProductsLink" time="2.826"/>
  <system-out/>
  <testcase classname="com.ae.qa.testcases.ProductsPageTest" name="validateProductsLink" time="1.605"/>
  <system-out/>
  <testcase classname="com.ae.qa.testcases.ProductsPageTest" name="validateProductsLink" time="4.328"/>
  <system-out/>
  <testcase classname="com.ae.qa.testcases.ProductsPageTest" name="validateProductsDetailsNavigation" time="0.794"/>
  <system-out/>
  <testcase classname="com.ae.qa.testcases.ProductsPageTest" name="validateProductsDetailsNavigation" time="0.500"/>
  <system-out/>
  <testcase classname="com.ae.qa.testcases.ProductsPageTest" name="validateAddToCartInProductPage" time="1.673"/>
  <system-out/>
  <testcase classname="com.ae.qa.testcases.ProductsPageTest" name="validateProductsDetailsNavigation" time="1.034"/>
  <system-out/>
  <testcase classname="com.ae.qa.testcases.ProductsPageTest" name="validateAddToCartInProductPage" time="1.434"/>
  <system-out/>
  <testcase classname="com.ae.qa.testcases.ProductsPageTest" name="validateProductCategortVisibility" time="0.082"/>
  <system-out/>
  <testcase classname="com.ae.qa.testcases.ProductsPageTest" name="validateDeleteFromCart" time="0.298"/>
  <system-out/>
  <testcase classname="com.ae.qa.testcases.ProductsPageTest" name="validateProductAddToCartVisibility" time="0.053"/>
  <system-out/>
  <testcase classname="com.ae.qa.testcases.ProductsPageTest" name="validateProductConditionVisibility" time="0.079"/>
  <system-out/>
  <testcase classname="com.ae.qa.testcases.ProductsPageTest" name="validateIncreaseQuantityInProductDetailsPage" time="2.329"/>
  <system-out/>
  <testcase classname="com.ae.qa.testcases.ProductsPageTest" name="validateProductPriceVisibility" time="0.068"/>
  <system-out/>
  <testcase classname="com.ae.qa.testcases.ProductsPageTest" name="validateProductNameVisibility" time="0.069"/>
  <system-out/>
  <testcase classname="com.ae.qa.testcases.ProductsPageTest" name="validateProductAvailableVisibility" time="0.059"/>
  <system-out/>
  <testcase classname="com.ae.qa.testcases.ProductsPageTest" name="validateProductBrandVisibility" time="0.102"/>
  <system-out/>
  <testcase classname="com.ae.qa.testcases.ProductsPageTest" name="validateReviewAboutProduct" time="0.472"/>
  <system-out/>
</testsuite> <!-- com.ae.qa.testcases.ProductsPageTest -->
