<?xml version="1.0" encoding="UTF-8"?>
<!-- Generated by org.testng.reporters.JUnitReportReporter -->
<testsuite hostname="ks-MacBook-Air.local" failures="0" tests="2" name="com.ae.qa.testcases.ContactUsPage_Test" time="49.976" errors="0" timestamp="2023-04-24T15:58:51 BST" skipped="0">
  <testcase classname="com.ae.qa.testcases.ContactUsPage_Test" name="loginpageTitle_test" time="22.596"/>
  <system-out/>
  <testcase classname="com.ae.qa.testcases.ContactUsPage_Test" name="contactus_test" time="27.380"/>
  <system-out/>
</testsuite> <!-- com.ae.qa.testcases.ContactUsPage_Test -->
