<?xml version="1.0" encoding="UTF-8"?>
<!-- Generated by org.testng.reporters.JUnitReportReporter -->
<testsuite hostname="ks-MacBook-Air.local" failures="0" tests="4" name="com.ae.qa.testcases.CartPageTest" time="0.524" errors="0" timestamp="2023-05-03T23:23:03 BST" skipped="0">
  <testcase classname="com.ae.qa.testcases.CartPageTest" name="validateWelcomePageTitle" time="0.000"/>
  <system-out/>
  <testcase classname="com.ae.qa.testcases.CartPageTest" name="validateCartPageTitle" time="0.002"/>
  <system-out/>
  <testcase classname="com.ae.qa.testcases.CartPageTest" name="validateCartSubscription" time="0.469"/>
  <system-out/>
  <testcase classname="com.ae.qa.testcases.CartPageTest" name="validateScrollDownGetSubscriptionH2" time="0.053"/>
  <system-out/>
</testsuite> <!-- com.ae.qa.testcases.CartPageTest -->
