<?xml version="1.0" encoding="UTF-8"?>
<!-- Generated by org.testng.reporters.JUnitReportReporter -->
<testsuite hostname="ks-MacBook-Air.local" failures="0" tests="8" name="com.ae.qa.testcases.LoginBeforeCheckoutTest" time="9.998" errors="0" timestamp="2023-05-03T23:23:03 BST" skipped="0">
  <testcase classname="com.ae.qa.testcases.LoginBeforeCheckoutTest" name="validateWelcomePageTitle" time="0.002"/>
  <system-out/>
  <testcase classname="com.ae.qa.testcases.LoginBeforeCheckoutTest" name="validateLoginWithValidDetails" time="2.259"/>
  <system-out/>
  <testcase classname="com.ae.qa.testcases.LoginBeforeCheckoutTest" name="validateProductsLink" time="1.961"/>
  <system-out/>
  <testcase classname="com.ae.qa.testcases.LoginBeforeCheckoutTest" name="validateAddToCartInProductPage" time="2.159"/>
  <system-out/>
  <testcase classname="com.ae.qa.testcases.LoginBeforeCheckoutTest" name="validateAddressVisibility" time="0.023"/>
  <system-out/>
  <testcase classname="com.ae.qa.testcases.LoginBeforeCheckoutTest" name="validateOrderVisibility" time="0.023"/>
  <system-out/>
  <testcase classname="com.ae.qa.testcases.LoginBeforeCheckoutTest" name="validatePlaceOrder" time="2.656"/>
  <system-out/>
  <testcase classname="com.ae.qa.testcases.LoginBeforeCheckoutTest" name="validateDeleteAccount" time="0.915"/>
  <system-out/>
</testsuite> <!-- com.ae.qa.testcases.LoginBeforeCheckoutTest -->
