<?xml version="1.0" encoding="UTF-8"?>
<!-- Generated by org.testng.reporters.JUnitReportReporter -->
<testsuite hostname="ks-MacBook-Air.local" failures="0" tests="13" name="com.ae.qa.testcases.LoginPageTest" time="9.513" errors="0" timestamp="2023-05-03T23:23:03 BST" skipped="0">
  <testcase classname="com.ae.qa.testcases.LoginPageTest" name="validateWelcomePageTitle" time="0.000"/>
  <system-out/>
  <testcase classname="com.ae.qa.testcases.LoginPageTest" name="validateWelcomePageTitle" time="0.000"/>
  <system-out/>
  <testcase classname="com.ae.qa.testcases.LoginPageTest" name="validateWelcomePageTitle" time="0.000"/>
  <system-out/>
  <testcase classname="com.ae.qa.testcases.LoginPageTest" name="validateLoginH2" time="0.036"/>
  <system-out/>
  <testcase classname="com.ae.qa.testcases.LoginPageTest" name="validateLoginH2" time="0.042"/>
  <system-out/>
  <testcase classname="com.ae.qa.testcases.LoginPageTest" name="validateLoginH2" time="0.031"/>
  <system-out/>
  <testcase classname="com.ae.qa.testcases.LoginPageTest" name="validateLoginWithValidDetails" time="2.085"/>
  <system-out/>
  <testcase classname="com.ae.qa.testcases.LoginPageTest" name="validateLoginWithValidDetails" time="2.064"/>
  <system-out/>
  <testcase classname="com.ae.qa.testcases.LoginPageTest" name="validateLoginWithInValidDetails" time="0.521"/>
  <system-out/>
  <testcase classname="com.ae.qa.testcases.LoginPageTest" name="validateDeletedAccount" time="0.409"/>
  <system-out/>
  <testcase classname="com.ae.qa.testcases.LoginPageTest" name="validateDeletedAccount" time="0.398"/>
  <system-out/>
  <testcase classname="com.ae.qa.testcases.LoginPageTest" name="validateContinueDeleteButton" time="1.920"/>
  <system-out/>
  <testcase classname="com.ae.qa.testcases.LoginPageTest" name="validateContinueDeleteButton" time="2.007"/>
  <system-out/>
</testsuite> <!-- com.ae.qa.testcases.LoginPageTest -->
