<?xml version="1.0" encoding="UTF-8"?>
<!-- Generated by org.testng.reporters.JUnitReportReporter -->
<testsuite hostname="ks-MacBook-Air.local" failures="0" tests="25" name="com.ae.qa.testcases.ProductsPageTest" time="24.405" errors="0" timestamp="2023-05-01T13:16:11 BST" skipped="0">
  <testcase classname="com.ae.qa.testcases.ProductsPageTest" name="validateWelcomePageTitle" time="0.017"/>
  <system-out/>
  <testcase classname="com.ae.qa.testcases.ProductsPageTest" name="validateWelcomePageTitle" time="0.012"/>
  <system-out/>
  <testcase classname="com.ae.qa.testcases.ProductsPageTest" name="validateWelcomePageTitle" time="0.011"/>
  <system-out/>
  <testcase classname="com.ae.qa.testcases.ProductsPageTest" name="validateWelcomePageTitle" time="0.012"/>
  <system-out/>
  <testcase classname="com.ae.qa.testcases.ProductsPageTest" name="validateWelcomePageTitle" time="0.003"/>
  <system-out/>
  <testcase classname="com.ae.qa.testcases.ProductsPageTest" name="validateProductsLink" time="4.155"/>
  <system-out/>
  <testcase classname="com.ae.qa.testcases.ProductsPageTest" name="validateProductsLink" time="3.907"/>
  <system-out/>
  <testcase classname="com.ae.qa.testcases.ProductsPageTest" name="validateProductsLink" time="2.493"/>
  <system-out/>
  <testcase classname="com.ae.qa.testcases.ProductsPageTest" name="validateProductsLink" time="2.973"/>
  <system-out/>
  <testcase classname="com.ae.qa.testcases.ProductsPageTest" name="validateProductsLink" time="2.414"/>
  <system-out/>
  <testcase classname="com.ae.qa.testcases.ProductsPageTest" name="validateAddToCartInProductPage" time="1.637"/>
  <system-out/>
  <testcase classname="com.ae.qa.testcases.ProductsPageTest" name="validateProductsDetailsNavigation" time="1.135"/>
  <system-out/>
  <testcase classname="com.ae.qa.testcases.ProductsPageTest" name="validateProductsDetailsNavigation" time="0.587"/>
  <system-out/>
  <testcase classname="com.ae.qa.testcases.ProductsPageTest" name="validateAddToCartInProductPage" time="1.502"/>
  <system-out/>
  <testcase classname="com.ae.qa.testcases.ProductsPageTest" name="validateProductsDetailsNavigation" time="0.939"/>
  <system-out/>
  <testcase classname="com.ae.qa.testcases.ProductsPageTest" name="validateProductPriceVisibility" time="0.052"/>
  <system-out/>
  <testcase classname="com.ae.qa.testcases.ProductsPageTest" name="validateIncreaseQuantityInProductDetailsPage" time="1.321"/>
  <system-out/>
  <testcase classname="com.ae.qa.testcases.ProductsPageTest" name="validateDeleteFromCart" time="0.249"/>
  <system-out/>
  <testcase classname="com.ae.qa.testcases.ProductsPageTest" name="validateProductAddToCartVisibility" time="0.047"/>
  <system-out/>
  <testcase classname="com.ae.qa.testcases.ProductsPageTest" name="validateProductConditionVisibility" time="0.091"/>
  <system-out/>
  <testcase classname="com.ae.qa.testcases.ProductsPageTest" name="validateReviewAboutProduct" time="0.538"/>
  <system-out/>
  <testcase classname="com.ae.qa.testcases.ProductsPageTest" name="validateProductNameVisibility" time="0.094"/>
  <system-out/>
  <testcase classname="com.ae.qa.testcases.ProductsPageTest" name="validateProductBrandVisibility" time="0.065"/>
  <system-out/>
  <testcase classname="com.ae.qa.testcases.ProductsPageTest" name="validateProductCategortVisibility" time="0.086"/>
  <system-out/>
  <testcase classname="com.ae.qa.testcases.ProductsPageTest" name="validateProductAvailableVisibility" time="0.065"/>
  <system-out/>
</testsuite> <!-- com.ae.qa.testcases.ProductsPageTest -->
